[grammer.gr (info)] Line 92: 
Production Rules
(rule precedences determined from %prec or 1st terminal between parentheses):
1: lines ->  lines line
2: lines ->  line
3: line ('\x0a') ->  expr '\x0a'
4: line (_error_) ->  _error_ '\x0a'
5: line ('\x0a') ->  '\x0a'
6: expr (NUMBER) ->  NUMBER
7: expr (IDENT) ->  IDENT
8: expr (e) ->  e '^' expr
9: expr (ln) ->  ln expr
10: expr (sin) ->  sin expr
11: expr (asin) ->  asin expr
12: expr (sqrt) ->  sqrt expr
13: expr ('|') ->  '|' expr '|'
14: lines_$ ->  lines

[grammer.gr (info)] 
Symbolic Terminal tokens:
       error
       EOF
   257: NUMBER
   258: IDENT
   259: e
   101: 'e'
   260: ln
   261: sin
   262: asin
   263: sqrt
    94: '^'
    10: '\x0a'
   124: '|'

[grammer.gr (info)] 
Grammar States: 
[grammer.gr (info)] State 0:
14: lines_$ ->  . lines 
  0:   On lines to state 1
  1:   On line to state 2
  2:   On expr to state 3
  3:   On _error_ to state 4
  4:   On '\x0a' to state 5
  5:   On NUMBER to state 6
  6:   On IDENT to state 7
  7:   On e to state 8
  8:   On ln to state 9
  9:   On sin to state 10
  10:   On asin to state 11
  11:   On sqrt to state 12
  12:   On '|' to state 13


State 1:
14: lines_$ -> lines  . 
1: lines -> lines  . line 
  0:   On line to state 14
  1:   On expr to state 3
  2:   On _error_ to state 4
  3:   On '\x0a' to state 5
  4:   On NUMBER to state 6
  5:   On IDENT to state 7
  6:   On e to state 8
  7:   On ln to state 9
  8:   On sin to state 10
  9:   On asin to state 11
  10:   On sqrt to state 12
  11:   On '|' to state 13


State 2:
2: lines -> line  . 
  Reduce by 2: lines -> line  . 


State 3:
3: line -> expr  . '\x0a' 
  0:   On '\x0a' to state 15


State 4:
4: line -> _error_  . '\x0a' 
  0:   On '\x0a' to state 16


State 5:
5: line -> '\x0a'  . 
  Reduce by 5: line -> '\x0a'  . 


State 6:
6: expr -> NUMBER  . 
  Reduce by 6: expr -> NUMBER  . 


State 7:
7: expr -> IDENT  . 
  Reduce by 7: expr -> IDENT  . 


State 8:
8: expr -> e  . '^' expr 
  0:   On '^' to state 17


State 9:
9: expr -> ln  . expr 
  0:   On expr to state 18
  1:   On NUMBER to state 6
  2:   On IDENT to state 7
  3:   On e to state 8
  4:   On ln to state 9
  5:   On sin to state 10
  6:   On asin to state 11
  7:   On sqrt to state 12
  8:   On '|' to state 13


State 10:
10: expr -> sin  . expr 
  0:   On expr to state 19
  1:   On NUMBER to state 6
  2:   On IDENT to state 7
  3:   On e to state 8
  4:   On ln to state 9
  5:   On sin to state 10
  6:   On asin to state 11
  7:   On sqrt to state 12
  8:   On '|' to state 13


State 11:
11: expr -> asin  . expr 
  0:   On expr to state 20
  1:   On NUMBER to state 6
  2:   On IDENT to state 7
  3:   On e to state 8
  4:   On ln to state 9
  5:   On sin to state 10
  6:   On asin to state 11
  7:   On sqrt to state 12
  8:   On '|' to state 13


State 12:
12: expr -> sqrt  . expr 
  0:   On expr to state 21
  1:   On NUMBER to state 6
  2:   On IDENT to state 7
  3:   On e to state 8
  4:   On ln to state 9
  5:   On sin to state 10
  6:   On asin to state 11
  7:   On sqrt to state 12
  8:   On '|' to state 13


State 13:
13: expr -> '|'  . expr '|' 
  0:   On expr to state 22
  1:   On NUMBER to state 6
  2:   On IDENT to state 7
  3:   On e to state 8
  4:   On ln to state 9
  5:   On sin to state 10
  6:   On asin to state 11
  7:   On sqrt to state 12
  8:   On '|' to state 13


State 14:
1: lines -> lines line  . 
  Reduce by 1: lines -> lines line  . 


State 15:
3: line -> expr '\x0a'  . 
  Reduce by 3: line -> expr '\x0a'  . 


State 16:
4: line -> _error_ '\x0a'  . 
  Reduce by 4: line -> _error_ '\x0a'  . 


State 17:
8: expr -> e '^'  . expr 
  0:   On expr to state 23
  1:   On NUMBER to state 6
  2:   On IDENT to state 7
  3:   On e to state 8
  4:   On ln to state 9
  5:   On sin to state 10
  6:   On asin to state 11
  7:   On sqrt to state 12
  8:   On '|' to state 13


State 18:
9: expr -> ln expr  . 
  Reduce by 9: expr -> ln expr  . 


State 19:
10: expr -> sin expr  . 
  Reduce by 10: expr -> sin expr  . 


State 20:
11: expr -> asin expr  . 
  Reduce by 11: expr -> asin expr  . 


State 21:
12: expr -> sqrt expr  . 
  Reduce by 12: expr -> sqrt expr  . 


State 22:
13: expr -> '|' expr  . '|' 
  0:   On '|' to state 24


State 23:
8: expr -> e '^' expr  . 
  Reduce by 8: expr -> e '^' expr  . 


State 24:
13: expr -> '|' expr '|'  . 
  Reduce by 13: expr -> '|' expr '|'  . 



